Arguments: 
  /home/pont/.nvm/v8.6.0/bin/node /usr/share/yarn/bin/yarn.js install

PATH: 
  /home/pont/.nvm/v8.6.0/bin:/home/pont/google-cloud-sdk/bin:/home/pont/torch/install/bin:/home/pont/bin:/usr/local/sbin:/usr/local/bin:/usr/sbin:/usr/bin:/sbin:/bin:/usr/games:/usr/local/games:/home/pont/.linuxbrew/bin:~/.atom/packages/platformio-ide/penv/bin:/home/pont/torch/install/bin:/home/pont/bin:/usr/local/sbin:/usr/local/bin:/usr/sbin:/usr/bin:/sbin:/bin:/usr/games:/usr/local/games

Yarn version: 
  1.3.2

Node version: 
  8.6.0

Platform: 
  linux x64

npm manifest: 
  {
    "main": "src/tv-stuff/client.js",
    "name": "tv-stuff",
    "version": "0.0.0",
    "description": "stuff to display on a tv",
    "license": "UNLICENSED",
    "author": "Paul Esson",
    "repository": {
      "type": "git",
      "url": "git@github.com:thepont/tv-stuff.git"
    },
    "bugs": {
      "url": "https://github.com/thepont/tv-stuff/issues"
    },
    "private": false,
    "scripts": {
      "build": "rm -rf ./dist/* && NODE_ENV=production webpack",
      "build-dev": "rm -rf ./dist/* && NODE_ENV=development webpack",
      "watch": "NODE_ENV=development webpack-dev-server --content-base dist/ --inline --hot",
      "ava": "NODE_ENV=test ava",
      "check-coverage": "NODE_ENV=test nyc check-coverage --branches 100.0  --functions 100.0 --lines 100.0",
      "docs": "jsdoc -c jsdoc.json",
      "flow": "flow check",
      "lint": "eslint src --ext js,jsx",
      "lint-fix": "eslint src --ext js,jsx --fix",
      "test": "NODE_ENV=test nyc --report-dir=./coverage ava && yarn run check-coverage",
      "test-all": "NODE_ENV=test yarn run lint && yarn run flow && yarn run test"
    },
    "dependencies": {
      "bruce": "^0.13.0",
      "enty": "^0.28.0",
      "immutable": "^3.8.1",
      "prop-types": "^15.5.7",
      "react": "^15.5.4",
      "react-dom": "^15.3.2",
      "react-redux": "^5.0.4",
      "react-router": "^4.1.0",
      "react-router-dom": "^4.1.0",
      "redux": "^3.6.0",
      "redux-actions": "^2.0.1",
      "redux-thunk": "^2.1.0",
      "stampy": "^0.33.0",
      "whatwg-fetch": "^2.0.1"
    },
    "devDependencies": {
      "app-module-path": "^2.2.0",
      "autoprefixer": "^6.5.2",
      "aws-sdk": "^2.7.17",
      "css-loader": "^0.28.0",
      "dotenv-webpack": "^1.5.4",
      "enzyme": "^2.5.1",
      "extract-text-webpack-plugin": "^1.0.1",
      "fetch-mock": "^5.6.2",
      "file-loader": "^0.11.0",
      "flow-bin": "^0.39.0",
      "git-url-parse": "^6.1.0",
      "github": "^7.1.0",
      "json-loader": "^0.5.4",
      "mustache": "^2.3.0",
      "node-sass": "^4.5.2",
      "postcss": "^5.2.5",
      "postcss-loader": "^1.1.0",
      "raw-loader": "^0.5.1",
      "react-addons-test-utils": "^15.3.2",
      "react-router-to-array": "^0.1.2",
      "react-transform-hmr": "^1.0.4",
      "sass-loader": "^4.0.2",
      "static-site-generator-webpack-plugin": "^3.1.0",
      "style-loader": "^0.16.1",
      "webpack": "^1.13.3",
      "webpack-dev-server": "^1.16.2",
      "ava": "0.19.1",
      "babel-core": "^6.23.0",
      "babel-register": "^6.23.0",
      "babel-cli": "^6.23.0",
      "babel-loader": "v6.4.0",
      "babel-preset-blueflag": "^0.3.0",
      "babel-plugin-istanbul": "4.1.1",
      "dotenv": "4.0.0",
      "eslint": "^3.9.1",
      "eslint-config-blueflag": "^0.5.0",
      "jsdoc": "^3.4.3",
      "jsdoc-babel": "^0.3.0",
      "jsdoc-react-proptypes": "^1.0.2",
      "jsdonk": "^0.7.0",
      "nyc": "^10.0.0",
      "proxyquire": "^1.7.10",
      "sinon": "^2.1.0"
    },
    "ava": {
      "require": [
        "./pretest",
        "babel-register"
      ],
      "babel": {
        "presets": [
          "blueflag"
        ],
        "plugins": [
          "istanbul"
        ],
        "sourceMaps": "inline"
      },
      "files": [
        "src/**/*-test.js"
      ]
    },
    "nyc": {
      "all": true,
      "sourceMap": false,
      "instrument": false,
      "include": [
        "src/**"
      ],
      "exclude": [
        "src/**/*-test.js",
        "dist"
      ],
      "reporter": [
        "lcov",
        "text"
      ],
      "extension": [
        ".js",
        ".jsx"
      ],
      "require": [
        "babel-register"
      ]
    }
  }

yarn manifest: 
  No manifest

Lockfile: 
  No lockfile

Trace: 
  Error: https://registry.yarnpkg.com/is-ci/-/is-ci-1.1.0.tgz: ENOENT: no such file or directory, open '/home/pont/.cache/yarn/v1/npm-is-ci-1.1.0-247e4162e7860cebbdaf30b774d6b0ac7dcfe7a5/.yarn-tarball.tgz'
